-----

```
2025-10-23 18:00:01 [INFO] Usuario 'user123' inició sesión correctamente desde IP: 192.168.1.5
2025-10-23 18:00:15 [DEBUG] Solicitud GET /api/data/status recibida
2025-10-23 18:00:28 [INFO] Se accedió al módulo de reportes.
2025-10-23 18:00:45 [WARN] Límite de memoria cercano al 85%.
2025-10-23 18:01:03 [ERROR] **Error** de conexión a la base de datos secundaria. Reintentando...
2025-10-23 18:01:18 [INFO] Se exportó el reporte 'Ventas_Q3.pdf'.
2025-10-23 18:01:35 [DEBUG] Datos de configuración cargados correctamente.
2025-10-23 18:01:51 [INFO] Usuario 'user123' creó un nuevo registro ID: 4567.
2025-10-23 18:02:08 [WARN] Parámetro 'sort_by' no válido en la consulta.
2025-10-23 18:02:22 [INFO] Proceso de sincronización iniciado.
2025-10-23 18:02:39 [ERROR] No se pudo encontrar el archivo de licencia. **Error** crítico.
2025-10-23 18:02:54 [DEBUG] Latencia de la API: 120ms.
2025-10-23 18:03:09 [INFO] Actualización del perfil de usuario completada.
2025-10-23 18:03:25 [INFO] Solicitud de acceso a recurso 'admin_panel' denegada.
2025-10-23 18:03:40 [WARN] Datos de entrada sanitizados debido a posible inyección.
2025-10-23 18:03:55 [INFO] Usuario 'user123' cerró sesión.
2025-10-23 18:04:10 [INFO] Tarea programada 'cleanup_cache' ejecutada.
2025-10-23 18:04:25 [DEBUG] Consulta SQL ejecutada: SELECT * FROM users;
2025-10-23 18:04:40 [ERROR] Se produjo un **error** al procesar la imagen de perfil.
2025-10-23 18:04:55 [INFO] Nuevo usuario 'guest' inició sesión.
2025-10-23 18:05:10 [DEBUG] Bytes transmitidos: 50000.
2025-10-23 18:05:25 [INFO] Se inició la carga masiva de datos.
2025-10-23 18:05:40 [WARN] Tiempo de espera excedido para el servicio externo 'weather_api'.
2025-10-23 18:05:55 [ERROR] **Error** de autenticación: credenciales no válidas.
2025-10-23 18:06:10 [INFO] Carga masiva completada con 1500 registros.
2025-10-23 18:06:25 [DEBUG] Pool de conexiones: 10/20 en uso.
2025-10-23 18:06:40 [INFO] Acceso permitido a la carpeta 'shared_docs'.
2025-10-23 18:06:55 [ERROR] Excepción no controlada en el hilo principal. **Error** grave.
2025-10-23 18:07:10 [INFO] Backup de la configuración realizado con éxito.
2025-10-23 18:07:25 [DEBUG] Tamaño del log actual: 5MB.
2025-10-23 18:07:40 [WARN] Posible intento de fuerza bruta detectado y bloqueado.
2025-10-23 18:07:55 [INFO] Registro ID: 4568 creado por 'guest'.
2025-10-23 18:08:10 [ERROR] **Error** de sintaxis en el archivo de configuración 'config.json'.
2025-10-23 18:08:25 [INFO] Servicio 'email_sender' reiniciado.
2025-10-23 18:08:40 [DEBUG] Memoria libre: 4GB.
2025-10-23 18:08:55 [INFO] Módulo de pagos accedido.
2025-10-23 18:09:10 [ERROR] La transacción 9876 falló. **Error** de saldo insuficiente.
2025-10-23 18:09:25 [INFO] Notificación enviada a 'admin@example.com'.
2025-10-23 18:09:40 [DEBUG] Procesamiento de solicitud POST /api/v2/items.
2025-10-23 18:09:55 [INFO] Elemento ID: 100 actualizado.
2025-10-23 18:10:10 [WARN] Certificado SSL a punto de expirar (en 30 días).
2025-10-23 18:10:25 [ERROR] **Error** al guardar el registro en caché.
2025-10-23 18:10:40 [INFO] Solicitud de cambio de contraseña recibida.
2025-10-23 18:10:55 [DEBUG] Tiempo de respuesta del servidor: 50ms.
2025-10-23 18:11:10 [INFO] Contraseña de 'guest' cambiada correctamente.
2025-10-23 18:11:25 [ERROR] Intento fallido de eliminación de un registro clave. Permiso **error**.
2025-10-23 18:11:40 [INFO] Se generó un nuevo token de sesión.
2025-10-23 18:11:55 [DEBUG] Cache hit ratio: 95%.
2025-10-23 18:12:10 [INFO] Proceso de reindexación de búsqueda iniciado.
2025-10-23 18:12:25 [WARN] Versión del navegador obsoleta detectada.
2025-10-23 18:12:40 [ERROR] Se detectó un **error** de bucle infinito en el algoritmo 'data_sort'.
2025-10-23 18:12:55 [INFO] Reindexación completada en 15 segundos.
2025-10-23 18:13:10 [DEBUG] Consumo de CPU: 60%.
2025-10-23 18:13:25 [INFO] Usuario 'admin' inició sesión.
2025-10-23 18:13:40 [ERROR] Falla de disco. **Error** de E/S.
2025-10-23 18:13:55 [INFO] Configuración del sistema modificada por 'admin'.
2025-10-23 18:14:10 [DEBUG] Ping a servidor externo exitoso (20ms).
2025-10-23 18:14:25 [INFO] Módulo de facturación cerrado.
2025-10-23 18:14:40 [WARN] Archivo de log rotado.
2025-10-23 18:14:55 [ERROR] **Error** de deserialización JSON en la respuesta de la API.
2025-10-23 18:15:10 [INFO] Tarea de limpieza de archivos temporales iniciada.
2025-10-23 18:15:25 [DEBUG] Registros eliminados: 500.
2025-10-23 18:15:40 [INFO] Servicio 'scheduler' en ejecución.
2025-10-23 18:15:55 [ERROR] Tiempo de espera del socket excedido. **Error** de red.
2025-10-23 18:16:10 [INFO] Usuario 'guest' eliminó el registro ID: 100.
2025-10-23 18:16:25 [DEBUG] Tamaño del paquete enviado: 1KB.
2025-10-23 18:16:40 [INFO] Acceso a la página de ayuda.
2025-10-23 18:16:55 [WARN] Hash de contraseña débil detectado para el usuario 'test'.
2025-10-23 18:17:10 [ERROR] **Error** al intentar conectar con el sistema de mensajería (MQ).
2025-10-23 18:17:25 [INFO] Proceso de consolidación de datos iniciado.
2025-10-23 18:17:40 [DEBUG] 90% de la tarea 'consolidate' completada.
2025-10-23 18:17:55 [INFO] Consolidación finalizada.
2025-10-23 18:18:10 [ERROR] Falló la verificación de integridad de datos. **Error** de checksum.
2025-10-23 18:18:25 [INFO] Usuario 'admin' creó un nuevo rol 'manager'.
2025-10-23 18:18:40 [DEBUG] Metadatos de archivo recuperados.
2025-10-23 18:18:55 [INFO] Servicio 'monitor' reportando estado OK.
2025-10-23 18:19:10 [ERROR] **Error** en la lógica de negocio: cálculo incorrecto de impuestos.
2025-10-23 18:19:25 [INFO] Se restableció la configuración predeterminada.
2025-10-23 18:19:40 [DEBUG] Reutilizando conexión ID: 5.
2025-10-23 18:19:55 [INFO] Acceso al módulo de análisis.
2025-10-23 18:20:10 [WARN] Columna 'fecha' no indexada en la tabla 'transacciones'.
2025-10-23 18:20:25 [ERROR] **Error** de recursos agotados: No hay más descriptores de archivo disponibles.
2025-10-23 18:20:40 [INFO] Usuario 'guest' cerró sesión.
2025-10-23 18:20:55 [DEBUG] Total de usuarios activos: 2.
2025-10-23 18:21:10 [INFO] Se envió un informe de estado diario por correo.
2025-10-23 18:21:25 [ERROR] **Error** de acceso: el recurso 'system_config' requiere privilegios de administrador.
2025-10-23 18:21:40 [INFO] Proceso de limpieza de sesión completado.
2025-10-23 18:21:55 [DEBUG] Tiempo total de ejecución del script: 5s.
2025-10-23 18:22:10 [INFO] Servidor reiniciando.
2025-10-23 18:22:25 [ERROR] **Error** de inicialización del puerto de red.
2025-10-23 18:22:40 [INFO] Componente 'logging' cargado.
2025-10-23 18:22:55 [DEBUG] Reconfiguración del firewall aplicada.
2025-10-23 18:23:10 [INFO] Servidor listo.
2025-10-23 18:23:25 [ERROR] **Error** no especificado al intentar leer del disco (código 0x01).
2025-10-23 18:23:40 [INFO] Usuario 'user123' inició sesión de nuevo.
2025-10-23 18:23:55 [DEBUG] Solicitud de ping enviada.
2025-10-23 18:24:10 [INFO] Inicio de la operación de respaldo incremental.
2025-10-23 18:24:25 [WARN] Versión del protocolo TLS desactualizada detectada.
2025-10-23 18:24:40 [ERROR] **Error** durante la validación del esquema de datos.
2025-10-23 18:24:55 [INFO] Respaldo incremental completado.
2025-10-23 18:25:10 [DEBUG] 1000 líneas de log procesadas.
2025-10-23 18:25:25 [INFO] Se accedió al panel de control.
2025-10-23 18:25:40 [ERROR] Intento de inyección SQL bloqueado. **Error** de seguridad.
2025-10-23 18:25:55 [INFO] Elemento ID: 101 eliminado.
2025-10-23 18:26:10 [DEBUG] 50MB de datos transmitidos en total.
```
